2025-10-20 18:54:23, MOVE, v:1, k:poo@relogio, mode:PICK
2025-10-20 18:54:25, EXEC, v:1, k:poo@relogio, mode:FULL, rate:38, size:75
2025-10-20 18:55:55, EXEC, v:1, k:poo@relogio, mode:FULL, rate:0, size:75
2025-10-20 18:56:15, EXEC, v:1, k:poo@relogio, mode:FULL, rate:38, size:75
2025-10-20 18:57:02, EXEC, v:1, k:poo@relogio, mode:FULL, rate:0, size:75
2025-10-20 18:57:18, EXEC, v:1, k:poo@relogio, mode:FULL, rate:38, size:75
2025-10-20 19:01:58, EXEC, v:1, k:poo@relogio, mode:FULL, rate:38, size:77
2025-10-20 19:05:49, EXEC, v:1, k:poo@relogio, mode:FULL, rate:38, size:81
2025-10-20 19:07:35, EXEC, v:1, k:poo@relogio, mode:FULL, rate:46, size:83
2025-10-20 19:08:23, EXEC, v:1, k:poo@relogio, mode:FULL, rate:76, size:83
2025-10-20 19:10:25, EXEC, v:1, k:poo@relogio, mode:FULL, rate:76, size:87
2025-10-20 19:13:04, EXEC, v:1, k:poo@relogio, mode:FULL, rate:76, size:89
2025-10-20 19:18:38, EXEC, v:1, k:poo@relogio, mode:FULL, rate:84, size:92
2025-10-20 19:25:49, EXEC, v:1, k:poo@relogio, mode:FULL, rate:100, size:91
2025-10-20 19:49:57, MOVE, v:1, k:poo@relogio, mode:PICK
2025-10-20 19:51:01, EXEC, v:1, k:poo@relogio, mode:FULL, rate:7, size:91
2025-10-20 19:53:13, EXEC, v:1, k:poo@relogio, mode:FULL, rate:100, size:91
2025-10-20 20:05:29, EXEC, v:1, k:poo@relogio, mode:FULL, rate:76, size:89
2025-10-20 22:51:56, SELF, v:1, k:poo@relogio, human:_, iagen:_, guide:_, alone:8, study:180
2025-10-20 23:09:38, MOVE, v:1, k:poo@chinela, mode:PICK
2025-10-20 23:09:39, EXEC, v:1, k:poo@chinela, mode:LOCK, rate:0, size:42
2025-10-20 23:09:41, EXEC, v:1, k:poo@chinela, mode:LOCK, rate:0
2025-10-20 23:09:41, EXEC, v:1, k:poo@chinela, mode:LOCK, rate:0
2025-10-20 23:09:42, EXEC, v:1, k:poo@chinela, mode:LOCK, rate:0
2025-10-20 23:09:42, EXEC, v:1, k:poo@chinela, mode:LOCK, rate:0
2025-10-20 23:16:51, MOVE, v:1, k:poo@camisa, mode:DOWN
2025-10-20 23:16:53, MOVE, v:1, k:poo@camisa, mode:PICK
